<?xml version="1.0" ?>
<testsuite errors="0" failures="0" name="test_search.TestCaseLogin-20180208104650" tests="2" time="20.222">
	<testcase classname="test_search.TestCaseLogin" name="test_click_news" time="12.589"/>
	<testcase classname="test_search.TestCaseLogin" name="test_search_success" time="7.633"/>
	<system-out>
<![CDATA[setup
tearDown
setup
tearDown
]]>	</system-out>
	<system-err>
<![CDATA[]]>	</system-err>
</testsuite>
